<?xml version="1.0" encoding="UTF-8"?>
<!-- Generated by org.testng.reporters.JUnitReportReporter -->
<testsuite hostname="DESKTOP-LN58VUV" failures="0" tests="1" name="Basic.Base" time="0.007" errors="0" timestamp="2022-03-02T14:45:04 COT" skipped="0">
  <testcase classname="Basic.Base" name="here" time="0.007"/>
  <system-out/>
</testsuite> <!-- Basic.Base -->
