<?xml version="1.0" encoding="UTF-8"?>
<!-- Generated by org.testng.reporters.JUnitReportReporter -->
<testsuite hostname="DESKTOP-LN58VUV" failures="0" tests="1" name="DataEntry" time="17.018" errors="0" timestamp="2022-03-08T15:32:30 COT" skipped="0">
  <testcase classname="DataEntry" name="addData" time="17.018"/>
  <system-out/>
</testsuite> <!-- DataEntry -->
